<?xml version="1.0" encoding="UTF-8"?>
<!-- Generated by org.testng.reporters.JUnitXMLReporter -->
<testsuite ignored="0" hostname="Aashutosh" failures="0" tests="3" name="Default test" time="11.959" errors="0" timestamp="2023-02-26T16:53:02 EST">
  <testcase classname="com.auto.qa.tests.CreateAnAccountTest" name="validateCreateAccPageTitleTest" time="0.022"/>
  <testcase classname="com.auto.qa.tests.CreateAnAccountTest" name="validateCreateAnAccountLabelTest" time="0.03"/>
  <testcase classname="com.auto.qa.tests.CreateAnAccountTest" name="createAccountTest" time="2.693"/>
</testsuite> <!-- Default test -->
