<?xml version="1.0" encoding="UTF-8"?>
<!-- Generated by org.testng.reporters.JUnitXMLReporter -->
<testsuite ignored="0" hostname="Aashutosh" failures="0" tests="4" name="Default test" time="17.799" errors="0" timestamp="2023-02-26T16:34:18 EST">
  <testcase classname="com.auto.qa.tests.CreateAnAccountTest" name="validateCreateAccPageTitleTest" time="0.026"/>
  <testcase classname="com.auto.qa.tests.CreateAnAccountTest" name="validateCreateAnAccountLabelTest" time="0.023"/>
  <testcase classname="com.auto.qa.tests.CreateAnAccountTest" name="createAccountTest" time="2.503"/>
  <testcase classname="com.auto.qa.tests.CreateAnAccountTest" name="createAccountWithSameDataTest" time="1.627"/>
</testsuite> <!-- Default test -->
