<?xml version="1.0" encoding="UTF-8"?>
<testsuite xmlns:xsi="http://www.w3.org/2001/XMLSchema-instance" xsi:noNamespaceSchemaLocation="https://maven.apache.org/surefire/maven-surefire-plugin/xsd/surefire-test-report.xsd" name="TestSuite" time="235.145" tests="39" errors="0" skipped="0" failures="3">
  <properties>
[...]
</properties>
  <testcase name="validateCreateAccPageTitleTest" classname="com.auto.qa.tests.CreateAnAccountTest" time="0.018"/>
  <testcase name="validateCreateAnAccountLabelTest" classname="com.auto.qa.tests.CreateAnAccountTest" time="0.025"/>
  <testcase name="createAccountTest" classname="com.auto.qa.tests.CreateAnAccountTest" time="21.76">
    <failure message="no such element: Unable to locate element: {&quot;method&quot;:&quot;xpath&quot;,&quot;selector&quot;:&quot;//div[contains(text(),&quot;Thank you for registering with Fake Online Clothing Store.&quot;)]&quot;}&#10;  (Session info: chrome=110.0.5481.105)&#10;For documentation on this error, please visit: https://selenium.dev/exceptions/#no_such_element&#10;Build info: version: &apos;4.7.2&apos;, revision: &apos;4d4020c3b7&apos;&#10;System info: os.name: &apos;Windows 11&apos;, os.arch: &apos;amd64&apos;, os.version: &apos;10.0&apos;, java.version: &apos;19.0.2&apos;&#10;Driver info: org.openqa.selenium.chrome.ChromeDriver&#10;Command: [0bad3a7d212d192981b4deadc205d70b, findElement {using=xpath, value=//div[contains(text(),&quot;Thank you for registering with Fake Online Clothing Store.&quot;)]}]&#10;Capabilities {acceptInsecureCerts: false, browserName: chrome, browserVersion: 110.0.5481.105, chrome: {chromedriverVersion: 110.0.5481.77 (65ed616c6e8e..., userDataDir: C:\Users\omson\AppData\Loca...}, goog:chromeOptions: {debuggerAddress: localhost:52067}, networkConnectionEnabled: false, pageLoadStrategy: normal, platformName: WINDOWS, proxy: Proxy(), se:cdp: ws://localhost:52067/devtoo..., se:cdpVersion: 110.0.5481.105, setWindowRect: true, strictFileInteractability: false, timeouts: {implicit: 0, pageLoad: 300000, script: 30000}, unhandledPromptBehavior: dismiss and notify, webauthn:extension:credBlob: true, webauthn:extension:largeBlob: true, webauthn:virtualAuthenticators: true}&#10;Session ID: 0bad3a7d212d192981b4deadc205d70b" type="org.openqa.selenium.NoSuchElementException">org.openqa.selenium.NoSuchElementException: 
no such element: Unable to locate element: {"method":"xpath","selector":"//div[contains(text(),"Thank you for registering with Fake Online Clothing Store.")]"}
  (Session info: chrome=110.0.5481.105)
For documentation on this error, please visit: https://selenium.dev/exceptions/#no_such_element
Build info: version: '4.7.2', revision: '4d4020c3b7'
System info: os.name: 'Windows 11', os.arch: 'amd64', os.version: '10.0', java.version: '19.0.2'
Driver info: org.openqa.selenium.chrome.ChromeDriver
Command: [0bad3a7d212d192981b4deadc205d70b, findElement {using=xpath, value=//div[contains(text(),"Thank you for registering with Fake Online Clothing Store.")]}]
Capabilities {acceptInsecureCerts: false, browserName: chrome, browserVersion: 110.0.5481.105, chrome: {chromedriverVersion: 110.0.5481.77 (65ed616c6e8e..., userDataDir: C:\Users\omson\AppData\Loca...}, goog:chromeOptions: {debuggerAddress: localhost:52067}, networkConnectionEnabled: false, pageLoadStrategy: normal, platformName: WINDOWS, proxy: Proxy(), se:cdp: ws://localhost:52067/devtoo..., se:cdpVersion: 110.0.5481.105, setWindowRect: true, strictFileInteractability: false, timeouts: {implicit: 0, pageLoad: 300000, script: 30000}, unhandledPromptBehavior: dismiss and notify, webauthn:extension:credBlob: true, webauthn:extension:largeBlob: true, webauthn:virtualAuthenticators: true}
Session ID: 0bad3a7d212d192981b4deadc205d70b
	at com.auto.qa.tests.CreateAnAccountTest.createAccountTest(CreateAnAccountTest.java:63)
</failure>
    <system-out><![CDATA[Before navigating to: 'https://magento.softwaretestingboard.com/'
Navigated to:'https://magento.softwaretestingboard.com/'
Trying to find Element By : By.linkText: Create an Account
Found Element By : By.linkText: Create an Account
Trying to click on: [[ChromeDriver: chrome on WINDOWS (0bad3a7d212d192981b4deadc205d70b)] -> link text: Create an Account]
Clicked on: [[ChromeDriver: chrome on WINDOWS (0bad3a7d212d192981b4deadc205d70b)] -> link text: Create an Account]
Trying to find Element By : By.id: firstname
Found Element By : By.id: firstname
Trying to find Element By : By.id: lastname
Found Element By : By.id: lastname
Trying to find Element By : By.id: email_address
Found Element By : By.id: email_address
Trying to find Element By : By.id: password
Found Element By : By.id: password
Trying to find Element By : By.id: password-confirmation
Found Element By : By.id: password-confirmation
Trying to find Element By : By.cssSelector: button[class*='submit primary']
Found Element By : By.cssSelector: button[class*='submit primary']
Trying to click on: [[ChromeDriver: chrome on WINDOWS (0bad3a7d212d192981b4deadc205d70b)] -> css selector: button[class*='submit primary']]
Clicked on: [[ChromeDriver: chrome on WINDOWS (0bad3a7d212d192981b4deadc205d70b)] -> css selector: button[class*='submit primary']]
Trying to find Element By : By.xpath: //div[contains(text(),"Thank you for registering with Fake Online Clothing Store.")]
Exception occured: org.openqa.selenium.NoSuchElementException: no such element: Unable to locate element: {"method":"xpath","selector":"//div[contains(text(),"Thank you for registering with Fake Online Clothing Store.")]"}
  (Session info: chrome=110.0.5481.105)
For documentation on this error, please visit: https://selenium.dev/exceptions/#no_such_element
Build info: version: '4.7.2', revision: '4d4020c3b7'
System info: os.name: 'Windows 11', os.arch: 'amd64', os.version: '10.0', java.version: '19.0.2'
Driver info: org.openqa.selenium.chrome.ChromeDriver
Command: [0bad3a7d212d192981b4deadc205d70b, findElement {using=xpath, value=//div[contains(text(),"Thank you for registering with Fake Online Clothing Store.")]}]
Capabilities {acceptInsecureCerts: false, browserName: chrome, browserVersion: 110.0.5481.105, chrome: {chromedriverVersion: 110.0.5481.77 (65ed616c6e8e..., userDataDir: C:\Users\omson\AppData\Loca...}, goog:chromeOptions: {debuggerAddress: localhost:52067}, networkConnectionEnabled: false, pageLoadStrategy: normal, platformName: WINDOWS, proxy: Proxy(), se:cdp: ws://localhost:52067/devtoo..., se:cdpVersion: 110.0.5481.105, setWindowRect: true, strictFileInteractability: false, timeouts: {implicit: 0, pageLoad: 300000, script: 30000}, unhandledPromptBehavior: dismiss and notify, webauthn:extension:credBlob: true, webauthn:extension:largeBlob: true, webauthn:virtualAuthenticators: true}
Session ID: 0bad3a7d212d192981b4deadc205d70b
]]></system-out>
    <system-err><![CDATA[Starting ChromeDriver 110.0.5481.77 (65ed616c6e8ee3fe0ad64fe83796c020644d42af-refs/branch-heads/5481@{#839}) on port 48627
Only local connections are allowed.
Please see https://chromedriver.chromium.org/security-considerations for suggestions on keeping ChromeDriver safe.
ChromeDriver was started successfully.
[1677204682.803][WARNING]: virtual void DevToolsClientImpl::AddListener(DevToolsEventListener *) subscribing a listener to the already connected DevToolsClient. Connection notification will not arrive.
Feb 23, 2023 9:11:22 P.M. org.openqa.selenium.devtools.CdpVersionFinder findNearestMatch
WARNING: Unable to find an exact match for CDP version 110, so returning the closest version found: 108
]]></system-err>
  </testcase>
  <testcase name="createAccountTest" classname="com.auto.qa.tests.CreateAnAccountTest" time="21.656">
    <failure message="no such element: Unable to locate element: {&quot;method&quot;:&quot;xpath&quot;,&quot;selector&quot;:&quot;//div[contains(text(),&quot;Thank you for registering with Fake Online Clothing Store.&quot;)]&quot;}&#10;  (Session info: chrome=110.0.5481.105)&#10;For documentation on this error, please visit: https://selenium.dev/exceptions/#no_such_element&#10;Build info: version: &apos;4.7.2&apos;, revision: &apos;4d4020c3b7&apos;&#10;System info: os.name: &apos;Windows 11&apos;, os.arch: &apos;amd64&apos;, os.version: &apos;10.0&apos;, java.version: &apos;19.0.2&apos;&#10;Driver info: org.openqa.selenium.chrome.ChromeDriver&#10;Command: [3e615b3f493f85bfa70057e1fd62e37f, findElement {using=xpath, value=//div[contains(text(),&quot;Thank you for registering with Fake Online Clothing Store.&quot;)]}]&#10;Capabilities {acceptInsecureCerts: false, browserName: chrome, browserVersion: 110.0.5481.105, chrome: {chromedriverVersion: 110.0.5481.77 (65ed616c6e8e..., userDataDir: C:\Users\omson\AppData\Loca...}, goog:chromeOptions: {debuggerAddress: localhost:52135}, networkConnectionEnabled: false, pageLoadStrategy: normal, platformName: WINDOWS, proxy: Proxy(), se:cdp: ws://localhost:52135/devtoo..., se:cdpVersion: 110.0.5481.105, setWindowRect: true, strictFileInteractability: false, timeouts: {implicit: 0, pageLoad: 300000, script: 30000}, unhandledPromptBehavior: dismiss and notify, webauthn:extension:credBlob: true, webauthn:extension:largeBlob: true, webauthn:virtualAuthenticators: true}&#10;Session ID: 3e615b3f493f85bfa70057e1fd62e37f" type="org.openqa.selenium.NoSuchElementException">org.openqa.selenium.NoSuchElementException: 
no such element: Unable to locate element: {"method":"xpath","selector":"//div[contains(text(),"Thank you for registering with Fake Online Clothing Store.")]"}
  (Session info: chrome=110.0.5481.105)
For documentation on this error, please visit: https://selenium.dev/exceptions/#no_such_element
Build info: version: '4.7.2', revision: '4d4020c3b7'
System info: os.name: 'Windows 11', os.arch: 'amd64', os.version: '10.0', java.version: '19.0.2'
Driver info: org.openqa.selenium.chrome.ChromeDriver
Command: [3e615b3f493f85bfa70057e1fd62e37f, findElement {using=xpath, value=//div[contains(text(),"Thank you for registering with Fake Online Clothing Store.")]}]
Capabilities {acceptInsecureCerts: false, browserName: chrome, browserVersion: 110.0.5481.105, chrome: {chromedriverVersion: 110.0.5481.77 (65ed616c6e8e..., userDataDir: C:\Users\omson\AppData\Loca...}, goog:chromeOptions: {debuggerAddress: localhost:52135}, networkConnectionEnabled: false, pageLoadStrategy: normal, platformName: WINDOWS, proxy: Proxy(), se:cdp: ws://localhost:52135/devtoo..., se:cdpVersion: 110.0.5481.105, setWindowRect: true, strictFileInteractability: false, timeouts: {implicit: 0, pageLoad: 300000, script: 30000}, unhandledPromptBehavior: dismiss and notify, webauthn:extension:credBlob: true, webauthn:extension:largeBlob: true, webauthn:virtualAuthenticators: true}
Session ID: 3e615b3f493f85bfa70057e1fd62e37f
	at com.auto.qa.tests.CreateAnAccountTest.createAccountTest(CreateAnAccountTest.java:63)
</failure>
    <system-out><![CDATA[Before navigating to: 'https://magento.softwaretestingboard.com/'
Navigated to:'https://magento.softwaretestingboard.com/'
Trying to find Element By : By.linkText: Create an Account
Found Element By : By.linkText: Create an Account
Trying to click on: [[ChromeDriver: chrome on WINDOWS (3e615b3f493f85bfa70057e1fd62e37f)] -> link text: Create an Account]
Clicked on: [[ChromeDriver: chrome on WINDOWS (3e615b3f493f85bfa70057e1fd62e37f)] -> link text: Create an Account]
Trying to find Element By : By.id: firstname
Found Element By : By.id: firstname
Trying to find Element By : By.id: lastname
Found Element By : By.id: lastname
Trying to find Element By : By.id: email_address
Found Element By : By.id: email_address
Trying to find Element By : By.id: password
Found Element By : By.id: password
Trying to find Element By : By.id: password-confirmation
Found Element By : By.id: password-confirmation
Trying to find Element By : By.cssSelector: button[class*='submit primary']
Found Element By : By.cssSelector: button[class*='submit primary']
Trying to click on: [[ChromeDriver: chrome on WINDOWS (3e615b3f493f85bfa70057e1fd62e37f)] -> css selector: button[class*='submit primary']]
Clicked on: [[ChromeDriver: chrome on WINDOWS (3e615b3f493f85bfa70057e1fd62e37f)] -> css selector: button[class*='submit primary']]
Trying to find Element By : By.xpath: //div[contains(text(),"Thank you for registering with Fake Online Clothing Store.")]
Exception occured: org.openqa.selenium.NoSuchElementException: no such element: Unable to locate element: {"method":"xpath","selector":"//div[contains(text(),"Thank you for registering with Fake Online Clothing Store.")]"}
  (Session info: chrome=110.0.5481.105)
For documentation on this error, please visit: https://selenium.dev/exceptions/#no_such_element
Build info: version: '4.7.2', revision: '4d4020c3b7'
System info: os.name: 'Windows 11', os.arch: 'amd64', os.version: '10.0', java.version: '19.0.2'
Driver info: org.openqa.selenium.chrome.ChromeDriver
Command: [3e615b3f493f85bfa70057e1fd62e37f, findElement {using=xpath, value=//div[contains(text(),"Thank you for registering with Fake Online Clothing Store.")]}]
Capabilities {acceptInsecureCerts: false, browserName: chrome, browserVersion: 110.0.5481.105, chrome: {chromedriverVersion: 110.0.5481.77 (65ed616c6e8e..., userDataDir: C:\Users\omson\AppData\Loca...}, goog:chromeOptions: {debuggerAddress: localhost:52135}, networkConnectionEnabled: false, pageLoadStrategy: normal, platformName: WINDOWS, proxy: Proxy(), se:cdp: ws://localhost:52135/devtoo..., se:cdpVersion: 110.0.5481.105, setWindowRect: true, strictFileInteractability: false, timeouts: {implicit: 0, pageLoad: 300000, script: 30000}, unhandledPromptBehavior: dismiss and notify, webauthn:extension:credBlob: true, webauthn:extension:largeBlob: true, webauthn:virtualAuthenticators: true}
Session ID: 3e615b3f493f85bfa70057e1fd62e37f
]]></system-out>
    <system-err><![CDATA[Starting ChromeDriver 110.0.5481.77 (65ed616c6e8ee3fe0ad64fe83796c020644d42af-refs/branch-heads/5481@{#839}) on port 5194
Only local connections are allowed.
Please see https://chromedriver.chromium.org/security-considerations for suggestions on keeping ChromeDriver safe.
ChromeDriver was started successfully.
[1677204707.509][WARNING]: virtual void DevToolsClientImpl::AddListener(DevToolsEventListener *) subscribing a listener to the already connected DevToolsClient. Connection notification will not arrive.
Feb 23, 2023 9:11:47 P.M. org.openqa.selenium.devtools.CdpVersionFinder findNearestMatch
WARNING: Unable to find an exact match for CDP version 110, so returning the closest version found: 108
]]></system-err>
  </testcase>
  <testcase name="createAccountWithSameDataTest" classname="com.auto.qa.tests.CreateAnAccountTest" time="1.633"/>
  <testcase name="createAccountWithSameDataTest" classname="com.auto.qa.tests.CreateAnAccountTest" time="1.527"/>
  <testcase name="validateGearPageTitleTest" classname="com.auto.qa.tests.GearPageTest" time="0.003"/>
  <testcase name="validateGearLabelTest" classname="com.auto.qa.tests.GearPageTest" time="0.054"/>
  <testcase name="chooseItemAndAddToCartTest" classname="com.auto.qa.tests.GearPageTest" time="1.946">
    <failure message="element not interactable: [object HTMLImageElement] has no size and location&#10;  (Session info: chrome=110.0.5481.105)&#10;Build info: version: &apos;4.7.2&apos;, revision: &apos;4d4020c3b7&apos;&#10;System info: os.name: &apos;Windows 11&apos;, os.arch: &apos;amd64&apos;, os.version: &apos;10.0&apos;, java.version: &apos;19.0.2&apos;&#10;Driver info: org.openqa.selenium.chrome.ChromeDriver&#10;Command: [e42a2a2309462a111d8da8b44810ce89, actions {actions=[org.openqa.selenium.interactions.Sequence@1cd2143b]}]&#10;Capabilities {acceptInsecureCerts: false, browserName: chrome, browserVersion: 110.0.5481.105, chrome: {chromedriverVersion: 110.0.5481.77 (65ed616c6e8e..., userDataDir: C:\Users\omson\AppData\Loca...}, goog:chromeOptions: {debuggerAddress: localhost:52326}, networkConnectionEnabled: false, pageLoadStrategy: normal, platformName: WINDOWS, proxy: Proxy(), se:cdp: ws://localhost:52326/devtoo..., se:cdpVersion: 110.0.5481.105, setWindowRect: true, strictFileInteractability: false, timeouts: {implicit: 0, pageLoad: 300000, script: 30000}, unhandledPromptBehavior: dismiss and notify, webauthn:extension:credBlob: true, webauthn:extension:largeBlob: true, webauthn:virtualAuthenticators: true}&#10;Session ID: e42a2a2309462a111d8da8b44810ce89" type="org.openqa.selenium.ElementNotInteractableException">org.openqa.selenium.ElementNotInteractableException: 
element not interactable: [object HTMLImageElement] has no size and location
  (Session info: chrome=110.0.5481.105)
Build info: version: '4.7.2', revision: '4d4020c3b7'
System info: os.name: 'Windows 11', os.arch: 'amd64', os.version: '10.0', java.version: '19.0.2'
Driver info: org.openqa.selenium.chrome.ChromeDriver
Command: [e42a2a2309462a111d8da8b44810ce89, actions {actions=[org.openqa.selenium.interactions.Sequence@1cd2143b]}]
Capabilities {acceptInsecureCerts: false, browserName: chrome, browserVersion: 110.0.5481.105, chrome: {chromedriverVersion: 110.0.5481.77 (65ed616c6e8e..., userDataDir: C:\Users\omson\AppData\Loca...}, goog:chromeOptions: {debuggerAddress: localhost:52326}, networkConnectionEnabled: false, pageLoadStrategy: normal, platformName: WINDOWS, proxy: Proxy(), se:cdp: ws://localhost:52326/devtoo..., se:cdpVersion: 110.0.5481.105, setWindowRect: true, strictFileInteractability: false, timeouts: {implicit: 0, pageLoad: 300000, script: 30000}, unhandledPromptBehavior: dismiss and notify, webauthn:extension:credBlob: true, webauthn:extension:largeBlob: true, webauthn:virtualAuthenticators: true}
Session ID: e42a2a2309462a111d8da8b44810ce89
	at com.auto.qa.tests.GearPageTest.chooseItemAndAddToCartTest(GearPageTest.java:56)
</failure>
    <system-out><![CDATA[Before navigating to: 'https://magento.softwaretestingboard.com/'
Navigated to:'https://magento.softwaretestingboard.com/'
Trying to find Element By : By.linkText: Sign In
Found Element By : By.linkText: Sign In
Trying to click on: [[ChromeDriver: chrome on WINDOWS (e42a2a2309462a111d8da8b44810ce89)] -> link text: Sign In]
Clicked on: [[ChromeDriver: chrome on WINDOWS (e42a2a2309462a111d8da8b44810ce89)] -> link text: Sign In]
Trying to find Element By : By.xpath: //span[contains(text(), 'Customer Login')]
Found Element By : By.xpath: //span[contains(text(), 'Customer Login')]
Trying to find Element By : By.id: email
Found Element By : By.id: email
Trying to find Element By : By.id: pass
Found Element By : By.id: pass
Trying to find Element By : By.name: send
Found Element By : By.name: send
Trying to click on: [[ChromeDriver: chrome on WINDOWS (e42a2a2309462a111d8da8b44810ce89)] -> name: send]
Clicked on: [[ChromeDriver: chrome on WINDOWS (e42a2a2309462a111d8da8b44810ce89)] -> name: send]
Trying to find Element By : By.id: ui-id-6
Found Element By : By.id: ui-id-6
Trying to find Element By : By.id: ui-id-6
Found Element By : By.id: ui-id-6
Trying to click on: [[ChromeDriver: chrome on WINDOWS (e42a2a2309462a111d8da8b44810ce89)] -> id: ui-id-6]
Clicked on: [[ChromeDriver: chrome on WINDOWS (e42a2a2309462a111d8da8b44810ce89)] -> id: ui-id-6]
Trying to find Element By : By.id: ui-id-6
Found Element By : By.id: ui-id-6
Trying to find Element By : By.id: ui-id-27
Found Element By : By.id: ui-id-27
Trying to click on: [[ChromeDriver: chrome on WINDOWS (e42a2a2309462a111d8da8b44810ce89)] -> id: ui-id-27]
Clicked on: [[ChromeDriver: chrome on WINDOWS (e42a2a2309462a111d8da8b44810ce89)] -> id: ui-id-27]
Trying to find Element By : By.xpath: (//span[contains(text(), "Watches")])[2]
Found Element By : By.xpath: (//span[contains(text(), "Watches")])[2]
Trying to find Element By : By.xpath: //div[contains(text(), "Category")]
Found Element By : By.xpath: //div[contains(text(), "Category")]
Trying to click on: [[ChromeDriver: chrome on WINDOWS (e42a2a2309462a111d8da8b44810ce89)] -> xpath: //div[contains(text(), "Category")]]
Clicked on: [[ChromeDriver: chrome on WINDOWS (e42a2a2309462a111d8da8b44810ce89)] -> xpath: //div[contains(text(), "Category")]]
Trying to find Element By : By.xpath: (//li[@class='item'])[1]
Found Element By : By.xpath: (//li[@class='item'])[1]
Trying to click on: [[ChromeDriver: chrome on WINDOWS (e42a2a2309462a111d8da8b44810ce89)] -> xpath: (//li[@class='item'])[1]]
Clicked on: [[ChromeDriver: chrome on WINDOWS (e42a2a2309462a111d8da8b44810ce89)] -> xpath: (//li[@class='item'])[1]]
Trying to find Element By : By.xpath: (//img[@class='product-image-photo'])[1]
Found Element By : By.xpath: (//img[@class='product-image-photo'])[1]
Exception occured: org.openqa.selenium.ElementNotInteractableException: element not interactable: [object HTMLImageElement] has no size and location
  (Session info: chrome=110.0.5481.105)
Build info: version: '4.7.2', revision: '4d4020c3b7'
System info: os.name: 'Windows 11', os.arch: 'amd64', os.version: '10.0', java.version: '19.0.2'
Driver info: org.openqa.selenium.chrome.ChromeDriver
Command: [e42a2a2309462a111d8da8b44810ce89, actions {actions=[org.openqa.selenium.interactions.Sequence@1cd2143b]}]
Capabilities {acceptInsecureCerts: false, browserName: chrome, browserVersion: 110.0.5481.105, chrome: {chromedriverVersion: 110.0.5481.77 (65ed616c6e8e..., userDataDir: C:\Users\omson\AppData\Loca...}, goog:chromeOptions: {debuggerAddress: localhost:52326}, networkConnectionEnabled: false, pageLoadStrategy: normal, platformName: WINDOWS, proxy: Proxy(), se:cdp: ws://localhost:52326/devtoo..., se:cdpVersion: 110.0.5481.105, setWindowRect: true, strictFileInteractability: false, timeouts: {implicit: 0, pageLoad: 300000, script: 30000}, unhandledPromptBehavior: dismiss and notify, webauthn:extension:credBlob: true, webauthn:extension:largeBlob: true, webauthn:virtualAuthenticators: true}
Session ID: e42a2a2309462a111d8da8b44810ce89
]]></system-out>
    <system-err><![CDATA[Starting ChromeDriver 110.0.5481.77 (65ed616c6e8ee3fe0ad64fe83796c020644d42af-refs/branch-heads/5481@{#839}) on port 2236
Only local connections are allowed.
Please see https://chromedriver.chromium.org/security-considerations for suggestions on keeping ChromeDriver safe.
ChromeDriver was started successfully.
[1677204752.903][WARNING]: virtual void DevToolsClientImpl::AddListener(DevToolsEventListener *) subscribing a listener to the already connected DevToolsClient. Connection notification will not arrive.
Feb 23, 2023 9:12:32 P.M. org.openqa.selenium.devtools.CdpVersionFinder findNearestMatch
WARNING: Unable to find an exact match for CDP version 110, so returning the closest version found: 108
]]></system-err>
  </testcase>
  <testcase name="validateHomePageTitleTest" classname="com.auto.qa.tests.HomePageTest" time="0.02"/>
  <testcase name="validateUserNameTest" classname="com.auto.qa.tests.HomePageTest" time="0.903"/>
  <testcase name="clickOnWhatsNewButtonTest" classname="com.auto.qa.tests.HomePageTest" time="0.75"/>
  <testcase name="clickOnMenButtonTest" classname="com.auto.qa.tests.HomePageTest" time="4.924"/>
  <testcase name="searchForItemAndValidateSearchBtnTest" classname="com.auto.qa.tests.HomePageTest" time="1.723"/>
  <testcase name="landingPageTitleTest" classname="com.auto.qa.tests.LandingPageTest" time="0.005"/>
  <testcase name="pageLogoTest" classname="com.auto.qa.tests.LandingPageTest" time="0.026"/>
  <testcase name="clickLoginButtonTest" classname="com.auto.qa.tests.LandingPageTest" time="1.461"/>
  <testcase name="clickRegisterButtonTest" classname="com.auto.qa.tests.LandingPageTest" time="0.721"/>
  <testcase name="validateMenPageTitleTest" classname="com.auto.qa.tests.MenPageTest" time="0.025"/>
  <testcase name="validateMenLabelTest" classname="com.auto.qa.tests.MenPageTest" time="0.011"/>
  <testcase name="chooseItemAndAddToCartTest" classname="com.auto.qa.tests.MenPageTest" time="3.696"/>
  <testcase name="validateSalePageTitleTest" classname="com.auto.qa.tests.SalePageTest" time="0.007"/>
  <testcase name="validateSaleLabelTest" classname="com.auto.qa.tests.SalePageTest" time="0.019"/>
  <testcase name="validateDealsTextAndPromoOfferTest" classname="com.auto.qa.tests.SalePageTest" time="0.078"/>
  <testcase name="validateSearchResultItemsTest" classname="com.auto.qa.tests.SearchItemPageTest" time="0.02"/>
  <testcase name="validateSearchResultPageTitleTest" classname="com.auto.qa.tests.SearchItemPageTest" time="0.003"/>
  <testcase name="validateSearchResultsLMsgTest" classname="com.auto.qa.tests.SearchItemPageTest" time="0.014"/>
  <testcase name="signInPageTitleTest" classname="com.auto.qa.tests.SignInPageTest" time="0.01"/>
  <testcase name="customerLoginTitleTest" classname="com.auto.qa.tests.SignInPageTest" time="0.048"/>
  <testcase name="loginTest" classname="com.auto.qa.tests.SignInPageTest" time="1.241"/>
  <testcase name="validateTrainingPageTitleTest" classname="com.auto.qa.tests.TrainingPageTest" time="0.017"/>
  <testcase name="validateTrainingLabelTest" classname="com.auto.qa.tests.TrainingPageTest" time="0.035"/>
  <testcase name="chooseWatchesAndAddtoCartTest" classname="com.auto.qa.tests.TrainingPageTest" time="1.086"/>
  <testcase name="validateWhatsNewPageTitleTest" classname="com.auto.qa.tests.WhatsNewPageTest" time="0.003"/>
  <testcase name="validateWhatsNewLabelTest" classname="com.auto.qa.tests.WhatsNewPageTest" time="0.022"/>
  <testcase name="categoriesLsitTest" classname="com.auto.qa.tests.WhatsNewPageTest" time="0.02"/>
  <testcase name="validateWomenPageTitleTest" classname="com.auto.qa.tests.WomenPageTest" time="0.029"/>
  <testcase name="validateWomenLabelTest" classname="com.auto.qa.tests.WomenPageTest" time="0.017"/>
  <testcase name="chooseItemAndAddToCartTest" classname="com.auto.qa.tests.WomenPageTest" time="5.875"/>
</testsuite>