<?xml version="1.0" encoding="UTF-8"?>
<!-- Generated by org.testng.reporters.JUnitXMLReporter -->
<testsuite ignored="0" hostname="Aashutosh" failures="2" tests="36" name="Luma Application" time="170.082" errors="0" timestamp="2023-02-26T15:57:49 EST">
  <testcase classname="com.auto.qa.tests.LandingPageTest" name="landingPageTitleTest" time="0.01"/>
  <testcase classname="com.auto.qa.tests.LandingPageTest" name="pageLogoTest" time="0.032"/>
  <testcase classname="com.auto.qa.tests.LandingPageTest" name="clickLoginButtonTest" time="1.593"/>
  <testcase classname="com.auto.qa.tests.LandingPageTest" name="clickRegisterButtonTest" time="0.8"/>
  <testcase classname="com.auto.qa.tests.CreateAnAccountTest" name="validateCreateAccPageTitleTest" time="0.015"/>
  <testcase classname="com.auto.qa.tests.CreateAnAccountTest" name="validateCreateAnAccountLabelTest" time="0.024"/>
  <testcase classname="com.auto.qa.tests.CreateAnAccountTest" name="createAccountTest" time="0.0">
    <failure type="java.lang.RuntimeException" message="java.lang.NullPointerException: Cannot invoke &amp;quot;Object.toString()&amp;quot; because the return value of &amp;quot;org.apache.poi.ss.usermodel.Row.getCell(int)&amp;quot; is null">
      <![CDATA[java.lang.RuntimeException: java.lang.NullPointerException: Cannot invoke "Object.toString()" because the return value of "org.apache.poi.ss.usermodel.Row.getCell(int)" is null
at java.base/java.util.ArrayList.forEach(ArrayList.java:1511)
Caused by: java.lang.NullPointerException: Cannot invoke "Object.toString()" because the return value of "org.apache.poi.ss.usermodel.Row.getCell(int)" is null
at com.auto.qa.util.TestUtil.getTestData(TestUtil.java:52)
at com.auto.qa.tests.CreateAnAccountTest.getAccountCreationData(CreateAnAccountTest.java:55)
... 25 more
... Removed 32 stack frames]]>
    </failure>
  </testcase> <!-- createAccountTest -->
  <testcase classname="com.auto.qa.tests.SignInPageTest" name="signInPageTitleTest" time="0.015"/>
  <testcase classname="com.auto.qa.tests.SignInPageTest" name="customerLoginTitleTest" time="0.03"/>
  <testcase classname="com.auto.qa.tests.SignInPageTest" name="loginTest" time="0.157">
    <failure type="java.lang.IllegalArgumentException" message="Keys to send should be a not null CharSequence">
      <![CDATA[java.lang.IllegalArgumentException: Keys to send should be a not null CharSequence
at org.openqa.selenium.remote.RemoteWebElement.sendKeys(RemoteWebElement.java:98)
at org.openqa.selenium.support.events.EventFiringWebDriver$EventFiringWebElement.lambda$new$0(EventFiringWebDriver.java:378)
at jdk.proxy2/jdk.proxy2.$Proxy20.sendKeys(Unknown Source)
at org.openqa.selenium.support.events.EventFiringWebDriver$EventFiringWebElement.sendKeys(EventFiringWebDriver.java:403)
at org.openqa.selenium.support.pagefactory.internal.LocatingElementHandler.invoke(LocatingElementHandler.java:52)
at jdk.proxy2/jdk.proxy2.$Proxy19.sendKeys(Unknown Source)
at com.auto.qa.pages.SignInPage.login(SignInPage.java:50)
at com.auto.qa.tests.SignInPageTest.loginTest(SignInPageTest.java:45)
at java.base/java.util.ArrayList.forEach(ArrayList.java:1511)
... Removed 35 stack frames]]>
    </failure>
  </testcase> <!-- loginTest -->
  <testcase classname="com.auto.qa.tests.HomePageTest" name="validateHomePageTitleTest" time="0.008"/>
  <testcase classname="com.auto.qa.tests.HomePageTest" name="validateUserNameTest" time="0.954"/>
  <testcase classname="com.auto.qa.tests.HomePageTest" name="clickOnWhatsNewButtonTest" time="0.701"/>
  <testcase classname="com.auto.qa.tests.HomePageTest" name="clickOnMenButtonTest" time="3.848"/>
  <testcase classname="com.auto.qa.tests.HomePageTest" name="searchForItemAndValidateSearchBtnTest" time="1.123"/>
  <testcase classname="com.auto.qa.tests.WhatsNewPageTest" name="validateWhatsNewPageTitleTest" time="0.023"/>
  <testcase classname="com.auto.qa.tests.WhatsNewPageTest" name="validateWhatsNewLabelTest" time="0.044"/>
  <testcase classname="com.auto.qa.tests.WhatsNewPageTest" name="categoriesLsitTest" time="0.02"/>
  <testcase classname="com.auto.qa.tests.MenPageTest" name="validateMenPageTitleTest" time="0.007"/>
  <testcase classname="com.auto.qa.tests.MenPageTest" name="validateMenLabelTest" time="0.012"/>
  <testcase classname="com.auto.qa.tests.MenPageTest" name="chooseItemAndAddToCartTest" time="2.969"/>
  <testcase classname="com.auto.qa.tests.WomenPageTest" name="validateWomenPageTitleTest" time="0.024"/>
  <testcase classname="com.auto.qa.tests.WomenPageTest" name="validateWomenLabelTest" time="0.034"/>
  <testcase classname="com.auto.qa.tests.WomenPageTest" name="chooseItemAndAddToCartTest" time="5.382"/>
  <testcase classname="com.auto.qa.tests.GearPageTest" name="validateGearPageTitleTest" time="0.003"/>
  <testcase classname="com.auto.qa.tests.GearPageTest" name="validateGearLabelTest" time="0.038"/>
  <testcase classname="com.auto.qa.tests.GearPageTest" name="chooseItemAndAddToCartTest" time="2.635"/>
  <testcase classname="com.auto.qa.tests.TrainingPageTest" name="validateTrainingPageTitleTest" time="0.014"/>
  <testcase classname="com.auto.qa.tests.TrainingPageTest" name="validateTrainingLabelTest" time="0.016"/>
  <testcase classname="com.auto.qa.tests.TrainingPageTest" name="chooseWatchesAndAddtoCartTest" time="0.661"/>
  <testcase classname="com.auto.qa.tests.SalePageTest" name="validateSalePageTitleTest" time="0.011"/>
  <testcase classname="com.auto.qa.tests.SalePageTest" name="validateSaleLabelTest" time="0.036"/>
  <testcase classname="com.auto.qa.tests.SalePageTest" name="validateDealsTextAndPromoOfferTest" time="0.071"/>
  <testcase classname="com.auto.qa.tests.SearchItemPageTest" name="validateSearchResultItemsTest" time="0.017"/>
  <testcase classname="com.auto.qa.tests.SearchItemPageTest" name="validateSearchResultPageTitleTest" time="0.004"/>
  <testcase classname="com.auto.qa.tests.SearchItemPageTest" name="validateSearchResultsLMsgTest" time="0.017"/>
</testsuite> <!-- Luma Application -->
