<?xml version="1.0" encoding="UTF-8"?>
<testng-results ignored="0" total="3" passed="3" failed="0" skipped="0">
  <reporter-output>
  </reporter-output>
  <suite started-at="2023-02-26T16:52:50 EST" name="Default suite" finished-at="2023-02-26T16:53:02 EST" duration-ms="11959">
    <groups>
    </groups>
    <test started-at="2023-02-26T16:52:50 EST" name="Default test" finished-at="2023-02-26T16:53:02 EST" duration-ms="11959">
      <class name="com.auto.qa.tests.CreateAnAccountTest">
        <test-method is-config="true" signature="setUp()[pri:0, instance:com.auto.qa.tests.CreateAnAccountTest@13e344d]" started-at="2023-02-26T16:52:50 EST" name="setUp" finished-at="2023-02-26T16:52:54 EST" duration-ms="3478" status="PASS">
          <reporter-output>
          </reporter-output>
        </test-method> <!-- setUp -->
        <test-method signature="validateCreateAccPageTitleTest()[pri:1, instance:com.auto.qa.tests.CreateAnAccountTest@13e344d]" started-at="2023-02-26T16:52:54 EST" name="validateCreateAccPageTitleTest" finished-at="2023-02-26T16:52:54 EST" duration-ms="22" status="PASS">
          <reporter-output>
          </reporter-output>
        </test-method> <!-- validateCreateAccPageTitleTest -->
        <test-method is-config="true" signature="setUp()[pri:0, instance:com.auto.qa.tests.CreateAnAccountTest@13e344d]" started-at="2023-02-26T16:52:54 EST" name="setUp" finished-at="2023-02-26T16:52:56 EST" duration-ms="2628" status="PASS">
          <reporter-output>
          </reporter-output>
        </test-method> <!-- setUp -->
        <test-method signature="validateCreateAnAccountLabelTest()[pri:2, instance:com.auto.qa.tests.CreateAnAccountTest@13e344d]" started-at="2023-02-26T16:52:56 EST" name="validateCreateAnAccountLabelTest" finished-at="2023-02-26T16:52:56 EST" duration-ms="30" status="PASS">
          <reporter-output>
          </reporter-output>
        </test-method> <!-- validateCreateAnAccountLabelTest -->
        <test-method is-config="true" signature="setUp()[pri:0, instance:com.auto.qa.tests.CreateAnAccountTest@13e344d]" started-at="2023-02-26T16:52:57 EST" name="setUp" finished-at="2023-02-26T16:52:59 EST" duration-ms="2694" status="PASS">
          <reporter-output>
          </reporter-output>
        </test-method> <!-- setUp -->
        <test-method signature="createAccountTest(java.lang.String,java.lang.String,java.lang.String,java.lang.String,java.lang.String)[pri:3, instance:com.auto.qa.tests.CreateAnAccountTest@13e344d]" started-at="2023-02-26T16:52:59 EST" name="createAccountTest" data-provider="getAccountCreationData" finished-at="2023-02-26T16:53:02 EST" duration-ms="2693" status="PASS">
          <params>
            <param index="0">
              <value>
                <![CDATA[John]]>
              </value>
            </param>
            <param index="1">
              <value>
                <![CDATA[Smith]]>
              </value>
            </param>
            <param index="2">
              <value>
                <![CDATA[john78@gmail.com]]>
              </value>
            </param>
            <param index="3">
              <value>
                <![CDATA[123asd@@]]>
              </value>
            </param>
            <param index="4">
              <value>
                <![CDATA[123asd@@]]>
              </value>
            </param>
          </params>
          <reporter-output>
          </reporter-output>
        </test-method> <!-- createAccountTest -->
      </class> <!-- com.auto.qa.tests.CreateAnAccountTest -->
    </test> <!-- Default test -->
  </suite> <!-- Default suite -->
</testng-results>
