<?xml version="1.0" encoding="UTF-8"?>
<testng-results ignored="0" total="4" passed="4" failed="0" skipped="0">
  <reporter-output>
  </reporter-output>
  <suite started-at="2023-02-26T16:34:00 EST" name="Default suite" finished-at="2023-02-26T16:34:18 EST" duration-ms="17799">
    <groups>
    </groups>
    <test started-at="2023-02-26T16:34:00 EST" name="Default test" finished-at="2023-02-26T16:34:18 EST" duration-ms="17799">
      <class name="com.auto.qa.tests.CreateAnAccountTest">
        <test-method is-config="true" signature="setUp()[pri:0, instance:com.auto.qa.tests.CreateAnAccountTest@13e344d]" started-at="2023-02-26T16:34:00 EST" name="setUp" finished-at="2023-02-26T16:34:03 EST" duration-ms="3616" status="PASS">
          <reporter-output>
          </reporter-output>
        </test-method> <!-- setUp -->
        <test-method signature="validateCreateAccPageTitleTest()[pri:1, instance:com.auto.qa.tests.CreateAnAccountTest@13e344d]" started-at="2023-02-26T16:34:03 EST" name="validateCreateAccPageTitleTest" finished-at="2023-02-26T16:34:03 EST" duration-ms="26" status="PASS">
          <reporter-output>
          </reporter-output>
        </test-method> <!-- validateCreateAccPageTitleTest -->
        <test-method is-config="true" signature="tearDown()[pri:0, instance:com.auto.qa.tests.CreateAnAccountTest@13e344d]" started-at="2023-02-26T16:34:03 EST" name="tearDown" finished-at="2023-02-26T16:34:04 EST" duration-ms="153" status="PASS">
          <reporter-output>
          </reporter-output>
        </test-method> <!-- tearDown -->
        <test-method is-config="true" signature="setUp()[pri:0, instance:com.auto.qa.tests.CreateAnAccountTest@13e344d]" started-at="2023-02-26T16:34:04 EST" name="setUp" finished-at="2023-02-26T16:34:06 EST" duration-ms="2697" status="PASS">
          <reporter-output>
          </reporter-output>
        </test-method> <!-- setUp -->
        <test-method signature="validateCreateAnAccountLabelTest()[pri:2, instance:com.auto.qa.tests.CreateAnAccountTest@13e344d]" started-at="2023-02-26T16:34:06 EST" name="validateCreateAnAccountLabelTest" finished-at="2023-02-26T16:34:06 EST" duration-ms="23" status="PASS">
          <reporter-output>
          </reporter-output>
        </test-method> <!-- validateCreateAnAccountLabelTest -->
        <test-method is-config="true" signature="tearDown()[pri:0, instance:com.auto.qa.tests.CreateAnAccountTest@13e344d]" started-at="2023-02-26T16:34:06 EST" name="tearDown" finished-at="2023-02-26T16:34:06 EST" duration-ms="156" status="PASS">
          <reporter-output>
          </reporter-output>
        </test-method> <!-- tearDown -->
        <test-method is-config="true" signature="setUp()[pri:0, instance:com.auto.qa.tests.CreateAnAccountTest@13e344d]" started-at="2023-02-26T16:34:07 EST" name="setUp" finished-at="2023-02-26T16:34:09 EST" duration-ms="2640" status="PASS">
          <reporter-output>
          </reporter-output>
        </test-method> <!-- setUp -->
        <test-method signature="createAccountTest(java.lang.String,java.lang.String,java.lang.String,java.lang.String,java.lang.String)[pri:3, instance:com.auto.qa.tests.CreateAnAccountTest@13e344d]" started-at="2023-02-26T16:34:09 EST" name="createAccountTest" data-provider="getAccountCreationData" finished-at="2023-02-26T16:34:12 EST" duration-ms="2503" status="PASS">
          <params>
            <param index="0">
              <value>
                <![CDATA[John]]>
              </value>
            </param>
            <param index="1">
              <value>
                <![CDATA[Smith]]>
              </value>
            </param>
            <param index="2">
              <value>
                <![CDATA[john78@gmail.com]]>
              </value>
            </param>
            <param index="3">
              <value>
                <![CDATA[123asd@@]]>
              </value>
            </param>
            <param index="4">
              <value>
                <![CDATA[123asd@@]]>
              </value>
            </param>
          </params>
          <reporter-output>
          </reporter-output>
        </test-method> <!-- createAccountTest -->
        <test-method is-config="true" signature="tearDown()[pri:0, instance:com.auto.qa.tests.CreateAnAccountTest@13e344d]" started-at="2023-02-26T16:34:12 EST" name="tearDown" finished-at="2023-02-26T16:34:12 EST" duration-ms="132" status="PASS">
          <reporter-output>
          </reporter-output>
        </test-method> <!-- tearDown -->
        <test-method is-config="true" signature="setUp()[pri:0, instance:com.auto.qa.tests.CreateAnAccountTest@13e344d]" started-at="2023-02-26T16:34:12 EST" name="setUp" finished-at="2023-02-26T16:34:16 EST" duration-ms="3685" status="PASS">
          <reporter-output>
          </reporter-output>
        </test-method> <!-- setUp -->
        <test-method signature="createAccountWithSameDataTest(java.lang.String,java.lang.String,java.lang.String,java.lang.String,java.lang.String)[pri:4, instance:com.auto.qa.tests.CreateAnAccountTest@13e344d]" started-at="2023-02-26T16:34:16 EST" name="createAccountWithSameDataTest" data-provider="getAccountCreationData" finished-at="2023-02-26T16:34:17 EST" duration-ms="1627" status="PASS">
          <params>
            <param index="0">
              <value>
                <![CDATA[John]]>
              </value>
            </param>
            <param index="1">
              <value>
                <![CDATA[Smith]]>
              </value>
            </param>
            <param index="2">
              <value>
                <![CDATA[john78@gmail.com]]>
              </value>
            </param>
            <param index="3">
              <value>
                <![CDATA[123asd@@]]>
              </value>
            </param>
            <param index="4">
              <value>
                <![CDATA[123asd@@]]>
              </value>
            </param>
          </params>
          <reporter-output>
          </reporter-output>
        </test-method> <!-- createAccountWithSameDataTest -->
        <test-method is-config="true" signature="tearDown()[pri:0, instance:com.auto.qa.tests.CreateAnAccountTest@13e344d]" started-at="2023-02-26T16:34:17 EST" name="tearDown" finished-at="2023-02-26T16:34:18 EST" duration-ms="162" status="PASS">
          <reporter-output>
          </reporter-output>
        </test-method> <!-- tearDown -->
      </class> <!-- com.auto.qa.tests.CreateAnAccountTest -->
    </test> <!-- Default test -->
  </suite> <!-- Default suite -->
</testng-results>
